<?xml version="1.0" encoding="UTF-8"?>
<robot generator="Robot 5.0.1 (Python 3.10.5 on win32)" generated="20230110 16:19:50.058" rpa="false" schemaversion="3">
<suite id="s1" name="Keyword" source="C:\Users\Rafael Lins Mota\Desktop\Robot FrameWork\Testes\LacreiSaude\keyword.robot">
<test id="s1-t1" name="Cenario Botão Criar Conta" line="9">
<kw name="Given usuario esteja na pagian de boas vindas a lacrei saude" library="resource">
<kw name="Open Browser" library="SeleniumLibrary">
<arg>${URL_LOGIN}</arg>
<arg>${BROWSER}</arg>
<doc>Opens a new browser instance to the optional ``url``.</doc>
<msg timestamp="20230110 16:19:50.221" level="INFO">Opening browser 'chrome' to base url 'https://frontend-lacrei-pessoa-usuaria.vercel.app/login'.</msg>
<status status="PASS" starttime="20230110 16:19:50.220" endtime="20230110 16:19:52.443"/>
</kw>
<kw name="Maximize Browser Window" library="SeleniumLibrary">
<doc>Maximizes current browser window.</doc>
<status status="PASS" starttime="20230110 16:19:52.444" endtime="20230110 16:19:52.561"/>
</kw>
<kw name="Page Should Contain" library="SeleniumLibrary">
<arg>${PAG_LOGIN}</arg>
<doc>Verifies that current page contains ``text``.</doc>
<msg timestamp="20230110 16:19:52.580" level="INFO">Current page contains text 'Boas-vindas à Lacrei Saúde'.</msg>
<status status="PASS" starttime="20230110 16:19:52.561" endtime="20230110 16:19:52.580"/>
</kw>
<status status="PASS" starttime="20230110 16:19:50.220" endtime="20230110 16:19:52.580"/>
</kw>
<kw name="When clicar no botao criar conta" library="resource">
<kw name="Click Element" library="SeleniumLibrary">
<arg>${BT_CRIARCONTA}</arg>
<doc>Click the element identified by ``locator``.</doc>
<msg timestamp="20230110 16:19:52.581" level="INFO">Clicking element '//*[@id="__next"]/div/section/div/form/div[3]/div[2]/button'.</msg>
<status status="PASS" starttime="20230110 16:19:52.581" endtime="20230110 16:19:52.636"/>
</kw>
<kw name="Sleep" library="BuiltIn">
<arg>3s</arg>
<doc>Pauses the test executed for the given time.</doc>
<msg timestamp="20230110 16:19:55.638" level="INFO">Slept 3 seconds</msg>
<status status="PASS" starttime="20230110 16:19:52.637" endtime="20230110 16:19:55.638"/>
</kw>
<status status="PASS" starttime="20230110 16:19:52.580" endtime="20230110 16:19:55.638"/>
</kw>
<kw name="Then e encaminhado para a pagina cadastre-se" library="resource">
<kw name="Page Should Contain" library="SeleniumLibrary">
<arg>${PAG_REGISTRO}</arg>
<doc>Verifies that current page contains ``text``.</doc>
<msg timestamp="20230110 16:19:55.647" level="INFO">Current page contains text 'Cadastre-se'.</msg>
<status status="PASS" starttime="20230110 16:19:55.639" endtime="20230110 16:19:55.647"/>
</kw>
<kw name="Capture Page Screenshot" library="SeleniumLibrary">
<doc>Takes a screenshot of the current page and embeds it into a log file.</doc>
<msg timestamp="20230110 16:19:55.725" level="INFO" html="true">&lt;/td&gt;&lt;/tr&gt;&lt;tr&gt;&lt;td colspan="3"&gt;&lt;a href="selenium-screenshot-1.png"&gt;&lt;img src="selenium-screenshot-1.png" width="800px"&gt;&lt;/a&gt;</msg>
<status status="PASS" starttime="20230110 16:19:55.647" endtime="20230110 16:19:55.725"/>
</kw>
<kw name="Close Browser" library="SeleniumLibrary">
<doc>Closes the current browser.</doc>
<status status="PASS" starttime="20230110 16:19:55.725" endtime="20230110 16:19:57.827"/>
</kw>
<status status="PASS" starttime="20230110 16:19:55.638" endtime="20230110 16:19:57.827"/>
</kw>
<status status="PASS" starttime="20230110 16:19:50.220" endtime="20230110 16:19:57.827"/>
</test>
<test id="s1-t2" name="Cenario Formulário Inválido" line="13">
<kw name="Given que o usuário esteja na página de Cadastra-se" library="resource">
<kw name="Open Browser" library="SeleniumLibrary">
<arg>${URL_REGISTER}</arg>
<arg>${BROWSER}</arg>
<doc>Opens a new browser instance to the optional ``url``.</doc>
<msg timestamp="20230110 16:19:57.829" level="INFO">Opening browser 'chrome' to base url 'https://frontend-lacrei-pessoa-usuaria.vercel.app/register'.</msg>
<status status="PASS" starttime="20230110 16:19:57.829" endtime="20230110 16:20:00.029"/>
</kw>
<kw name="Capture Page Screenshot" library="SeleniumLibrary">
<doc>Takes a screenshot of the current page and embeds it into a log file.</doc>
<msg timestamp="20230110 16:20:00.294" level="INFO" html="true">&lt;/td&gt;&lt;/tr&gt;&lt;tr&gt;&lt;td colspan="3"&gt;&lt;a href="selenium-screenshot-2.png"&gt;&lt;img src="selenium-screenshot-2.png" width="800px"&gt;&lt;/a&gt;</msg>
<status status="PASS" starttime="20230110 16:20:00.029" endtime="20230110 16:20:00.294"/>
</kw>
<kw name="Maximize Browser Window" library="SeleniumLibrary">
<doc>Maximizes current browser window.</doc>
<status status="PASS" starttime="20230110 16:20:00.294" endtime="20230110 16:20:00.413"/>
</kw>
<status status="PASS" starttime="20230110 16:19:57.828" endtime="20230110 16:20:00.413"/>
</kw>
<kw name="And não preencher todo o formulário" library="resource">
<kw name="Page Should Contain" library="SeleniumLibrary">
<arg>${PAG_REGISTRO}</arg>
<doc>Verifies that current page contains ``text``.</doc>
<msg timestamp="20230110 16:20:00.421" level="INFO">Current page contains text 'Cadastre-se'.</msg>
<status status="PASS" starttime="20230110 16:20:00.413" endtime="20230110 16:20:00.421"/>
</kw>
<status status="PASS" starttime="20230110 16:20:00.413" endtime="20230110 16:20:00.421"/>
</kw>
<kw name="When clicar no botão Cadastrar" library="resource">
<kw name="Click Element" library="SeleniumLibrary">
<arg>${BT_CADASTRAR}</arg>
<doc>Click the element identified by ``locator``.</doc>
<msg timestamp="20230110 16:20:00.422" level="INFO">Clicking element '//*[@id="__next"]/div/section/div/form/div[8]/button'.</msg>
<status status="PASS" starttime="20230110 16:20:00.422" endtime="20230110 16:20:00.455"/>
</kw>
<kw name="Sleep" library="BuiltIn">
<arg>3s</arg>
<doc>Pauses the test executed for the given time.</doc>
<msg timestamp="20230110 16:20:03.463" level="INFO">Slept 3 seconds</msg>
<status status="PASS" starttime="20230110 16:20:00.455" endtime="20230110 16:20:03.463"/>
</kw>
<status status="PASS" starttime="20230110 16:20:00.421" endtime="20230110 16:20:03.463"/>
</kw>
<kw name="Then é apresentado a mensagem de erro “Campo obrigatório”" library="resource">
<kw name="Page Should Contain" library="SeleniumLibrary">
<arg>${CAMP_OBR}</arg>
<doc>Verifies that current page contains ``text``.</doc>
<msg timestamp="20230110 16:20:03.472" level="INFO">Current page contains text 'Campo obrigatório'.</msg>
<status status="PASS" starttime="20230110 16:20:03.464" endtime="20230110 16:20:03.472"/>
</kw>
<kw name="Capture Page Screenshot" library="SeleniumLibrary">
<doc>Takes a screenshot of the current page and embeds it into a log file.</doc>
<msg timestamp="20230110 16:20:03.561" level="INFO" html="true">&lt;/td&gt;&lt;/tr&gt;&lt;tr&gt;&lt;td colspan="3"&gt;&lt;a href="selenium-screenshot-3.png"&gt;&lt;img src="selenium-screenshot-3.png" width="800px"&gt;&lt;/a&gt;</msg>
<status status="PASS" starttime="20230110 16:20:03.472" endtime="20230110 16:20:03.561"/>
</kw>
<kw name="Close Browser" library="SeleniumLibrary">
<doc>Closes the current browser.</doc>
<status status="PASS" starttime="20230110 16:20:03.562" endtime="20230110 16:20:05.660"/>
</kw>
<status status="PASS" starttime="20230110 16:20:03.463" endtime="20230110 16:20:05.660"/>
</kw>
<status status="PASS" starttime="20230110 16:19:57.828" endtime="20230110 16:20:05.660"/>
</test>
<test id="s1-t3" name="Cenario Senha inválida (Mínimo Caractere)" line="18">
<kw name="Given o usuário esteja na página de Cadastra-se" library="resource">
<kw name="Open Browser" library="SeleniumLibrary">
<arg>${URL_REGISTER}</arg>
<arg>${BROWSER}</arg>
<doc>Opens a new browser instance to the optional ``url``.</doc>
<msg timestamp="20230110 16:20:05.662" level="INFO">Opening browser 'chrome' to base url 'https://frontend-lacrei-pessoa-usuaria.vercel.app/register'.</msg>
<status status="PASS" starttime="20230110 16:20:05.662" endtime="20230110 16:20:07.761"/>
</kw>
<kw name="Maximize Browser Window" library="SeleniumLibrary">
<doc>Maximizes current browser window.</doc>
<status status="PASS" starttime="20230110 16:20:07.761" endtime="20230110 16:20:07.909"/>
</kw>
<status status="PASS" starttime="20230110 16:20:05.661" endtime="20230110 16:20:07.909"/>
</kw>
<kw name="When não preencher a senha com o requisito mínimo 8 caracteres" library="resource">
<kw name="Input Password" library="SeleniumLibrary">
<arg>id=password</arg>
<arg>${PSW}</arg>
<doc>Types the given password into the text field identified by ``locator``.</doc>
<msg timestamp="20230110 16:20:07.910" level="INFO">Typing password into text field 'id=password'.</msg>
<msg timestamp="20230110 16:20:07.947" level="INFO">Temporally setting log level to: NONE</msg>
<msg timestamp="20230110 16:20:08.004" level="INFO">Log level changed from NONE to INFO.</msg>
<status status="PASS" starttime="20230110 16:20:07.910" endtime="20230110 16:20:08.004"/>
</kw>
<kw name="Sleep" library="BuiltIn">
<arg>3s</arg>
<doc>Pauses the test executed for the given time.</doc>
<msg timestamp="20230110 16:20:11.013" level="INFO">Slept 3 seconds</msg>
<status status="PASS" starttime="20230110 16:20:08.004" endtime="20230110 16:20:11.013"/>
</kw>
<status status="PASS" starttime="20230110 16:20:07.909" endtime="20230110 16:20:11.013"/>
</kw>
<kw name="Then é apresentado a mensagem de erro &quot;8 caracteres&quot;" library="resource">
<kw name="Page Should Contain" library="SeleniumLibrary">
<arg>${CAMP_OBR}</arg>
<doc>Verifies that current page contains ``text``.</doc>
<msg timestamp="20230110 16:20:11.022" level="INFO">Current page contains text 'Campo obrigatório'.</msg>
<status status="PASS" starttime="20230110 16:20:11.013" endtime="20230110 16:20:11.022"/>
</kw>
<kw name="Capture Page Screenshot" library="SeleniumLibrary">
<doc>Takes a screenshot of the current page and embeds it into a log file.</doc>
<msg timestamp="20230110 16:20:11.116" level="INFO" html="true">&lt;/td&gt;&lt;/tr&gt;&lt;tr&gt;&lt;td colspan="3"&gt;&lt;a href="selenium-screenshot-4.png"&gt;&lt;img src="selenium-screenshot-4.png" width="800px"&gt;&lt;/a&gt;</msg>
<status status="PASS" starttime="20230110 16:20:11.023" endtime="20230110 16:20:11.116"/>
</kw>
<kw name="Close Browser" library="SeleniumLibrary">
<doc>Closes the current browser.</doc>
<status status="PASS" starttime="20230110 16:20:11.116" endtime="20230110 16:20:13.202"/>
</kw>
<status status="PASS" starttime="20230110 16:20:11.013" endtime="20230110 16:20:13.202"/>
</kw>
<status status="PASS" starttime="20230110 16:20:05.661" endtime="20230110 16:20:13.202"/>
</test>
<kw name="Close Browser" library="SeleniumLibrary" type="TEARDOWN">
<doc>Closes the current browser.</doc>
<status status="PASS" starttime="20230110 16:20:13.203" endtime="20230110 16:20:13.203"/>
</kw>
<status status="PASS" starttime="20230110 16:19:50.059" endtime="20230110 16:20:13.203"/>
</suite>
<statistics>
<total>
<stat pass="3" fail="0" skip="0">All Tests</stat>
</total>
<tag>
</tag>
<suite>
<stat pass="3" fail="0" skip="0" id="s1" name="Keyword">Keyword</stat>
</suite>
</statistics>
<errors>
</errors>
</robot>
