<?xml version="1.0" encoding="UTF-8"?>
<robot generator="Robot 5.0.1 (Python 3.10.5 on win32)" generated="20230112 10:16:06.925" rpa="false" schemaversion="3">
<suite id="s1" name="LacreiSaude" source="C:\Users\Rafael Lins Mota\Desktop\Robot FrameWork\Testes\LacreiSaude">
<suite id="s1-s1" name="Keyword" source="C:\Users\Rafael Lins Mota\Desktop\Robot FrameWork\Testes\LacreiSaude\keyword.robot">
<test id="s1-s1-t1" name="Cenario Senha inválida (Caractere Especial)" line="33">
<kw name="Given o usuário esteja na página de Cadastra-se" library="resource">
<kw name="Open Browser" library="SeleniumLibrary">
<arg>${URL_REGISTER}</arg>
<arg>${BROWSER}</arg>
<doc>Opens a new browser instance to the optional ``url``.</doc>
<msg timestamp="20230112 10:16:07.120" level="INFO">Opening browser 'chrome' to base url 'https://frontend-lacrei-pessoa-usuaria.vercel.app/register'.</msg>
<status status="PASS" starttime="20230112 10:16:07.120" endtime="20230112 10:16:09.133"/>
</kw>
<kw name="Maximize Browser Window" library="SeleniumLibrary">
<doc>Maximizes current browser window.</doc>
<status status="PASS" starttime="20230112 10:16:09.134" endtime="20230112 10:16:09.250"/>
</kw>
<kw name="Sleep" library="BuiltIn">
<arg>3s</arg>
<doc>Pauses the test executed for the given time.</doc>
<msg timestamp="20230112 10:16:12.266" level="INFO">Slept 3 seconds</msg>
<status status="PASS" starttime="20230112 10:16:09.251" endtime="20230112 10:16:12.266"/>
</kw>
<status status="PASS" starttime="20230112 10:16:07.116" endtime="20230112 10:16:12.267"/>
</kw>
<kw name="When não preencher a senha com o requisito Caractere Especial" library="resource">
<kw name="Input Password" library="SeleniumLibrary">
<arg>id=password</arg>
<arg>${PSW_4}</arg>
<doc>Types the given password into the text field identified by ``locator``.</doc>
<msg timestamp="20230112 10:16:12.277" level="INFO">Typing password into text field 'id=password'.</msg>
<msg timestamp="20230112 10:16:12.313" level="INFO">Temporally setting log level to: NONE</msg>
<msg timestamp="20230112 10:16:12.402" level="INFO">Log level changed from NONE to INFO.</msg>
<status status="PASS" starttime="20230112 10:16:12.277" endtime="20230112 10:16:12.402"/>
</kw>
<kw name="Sleep" library="BuiltIn">
<arg>3s</arg>
<doc>Pauses the test executed for the given time.</doc>
<msg timestamp="20230112 10:16:15.411" level="INFO">Slept 3 seconds</msg>
<status status="PASS" starttime="20230112 10:16:12.403" endtime="20230112 10:16:15.411"/>
</kw>
<status status="PASS" starttime="20230112 10:16:12.272" endtime="20230112 10:16:15.412"/>
</kw>
<kw name="Then é apresentado a mensagem de erro “Caractere especial (ex: #!*-_&amp;)”" library="resource">
<kw name="Page Should Contain" library="SeleniumLibrary">
<arg>${SENHA_CARA_ESP}</arg>
<doc>Verifies that current page contains ``text``.</doc>
<msg timestamp="20230112 10:16:15.427" level="INFO">Current page contains text 'Caractere especial (ex: #!*-_&amp;)'.</msg>
<status status="PASS" starttime="20230112 10:16:15.417" endtime="20230112 10:16:15.427"/>
</kw>
<kw name="Capture Page Screenshot" library="SeleniumLibrary">
<doc>Takes a screenshot of the current page and embeds it into a log file.</doc>
<msg timestamp="20230112 10:16:15.519" level="INFO" html="true">&lt;/td&gt;&lt;/tr&gt;&lt;tr&gt;&lt;td colspan="3"&gt;&lt;a href="selenium-screenshot-1.png"&gt;&lt;img src="selenium-screenshot-1.png" width="800px"&gt;&lt;/a&gt;</msg>
<status status="PASS" starttime="20230112 10:16:15.428" endtime="20230112 10:16:15.519"/>
</kw>
<kw name="Close Browser" library="SeleniumLibrary">
<doc>Closes the current browser.</doc>
<status status="PASS" starttime="20230112 10:16:15.520" endtime="20230112 10:16:17.617"/>
</kw>
<status status="PASS" starttime="20230112 10:16:15.415" endtime="20230112 10:16:17.617"/>
</kw>
<status status="PASS" starttime="20230112 10:16:07.115" endtime="20230112 10:16:17.620"/>
</test>
<kw name="Close Browser" library="SeleniumLibrary" type="TEARDOWN">
<doc>Closes the current browser.</doc>
<status status="PASS" starttime="20230112 10:16:17.621" endtime="20230112 10:16:17.621"/>
</kw>
<status status="PASS" starttime="20230112 10:16:06.949" endtime="20230112 10:16:17.621"/>
</suite>
<status status="PASS" starttime="20230112 10:16:06.929" endtime="20230112 10:16:17.623"/>
</suite>
<statistics>
<total>
<stat pass="1" fail="0" skip="0">All Tests</stat>
</total>
<tag>
</tag>
<suite>
<stat pass="1" fail="0" skip="0" id="s1" name="LacreiSaude">LacreiSaude</stat>
<stat pass="1" fail="0" skip="0" id="s1-s1" name="Keyword">LacreiSaude.Keyword</stat>
</suite>
</statistics>
<errors>
</errors>
</robot>
